<?xml version="1.0" encoding="UTF-8"?>
<testsuite name="com.pibbletv.streaming_service.unit.StreamingServiceImplTest" tests="11" skipped="0" failures="0" errors="0" timestamp="2025-05-08T23:23:45.747Z" hostname="DESKTOP-NS6POVE" time="2.826">
  <properties/>
  <testcase name="testUpdateStream_MissingId()" classname="com.pibbletv.streaming_service.unit.StreamingServiceImplTest" time="2.396"/>
  <testcase name="testGetStreamsPerKeyword_Empty()" classname="com.pibbletv.streaming_service.unit.StreamingServiceImplTest" time="0.324"/>
  <testcase name="testGetStreamsPerKeyword_Found()" classname="com.pibbletv.streaming_service.unit.StreamingServiceImplTest" time="0.035"/>
  <testcase name="testGetAllStreams_MultipleStreams()" classname="com.pibbletv.streaming_service.unit.StreamingServiceImplTest" time="0.005"/>
  <testcase name="testAddStream_SaveFails()" classname="com.pibbletv.streaming_service.unit.StreamingServiceImplTest" time="0.025"/>
  <testcase name="testUpdateStream_DoesNotExist()" classname="com.pibbletv.streaming_service.unit.StreamingServiceImplTest" time="0.011"/>
  <testcase name="testAddStream_Success()" classname="com.pibbletv.streaming_service.unit.StreamingServiceImplTest" time="0.003"/>
  <testcase name="testGetStream_Found()" classname="com.pibbletv.streaming_service.unit.StreamingServiceImplTest" time="0.004"/>
  <testcase name="testUpdateStream_Success()" classname="com.pibbletv.streaming_service.unit.StreamingServiceImplTest" time="0.005"/>
  <testcase name="testGetStreamsPerCategory_Found()" classname="com.pibbletv.streaming_service.unit.StreamingServiceImplTest" time="0.004"/>
  <testcase name="testGetStream_NotFound()" classname="com.pibbletv.streaming_service.unit.StreamingServiceImplTest" time="0.004"/>
  <system-out><![CDATA[]]></system-out>
  <system-err><![CDATA[]]></system-err>
</testsuite>
