<?xml version="1.0" encoding="UTF-8"?>
<testsuite name="com.pibbletv.streaming_service.StreamingServiceApplicationTests" tests="1" skipped="0" failures="0" errors="0" timestamp="2025-04-26T18:52:24.984Z" hostname="DESKTOP-NS6POVE" time="0.863">
  <properties/>
  <testcase name="contextLoads()" classname="com.pibbletv.streaming_service.StreamingServiceApplicationTests" time="0.863"/>
  <system-out><![CDATA[20:52:19.623 [Test worker] INFO org.springframework.test.context.support.AnnotationConfigContextLoaderUtils -- Could not detect default configuration classes for test class [com.pibbletv.streaming_service.StreamingServiceApplicationTests]: StreamingServiceApplicationTests does not declare any static, non-private, non-final, nested classes annotated with @Configuration.
20:52:19.841 [Test worker] INFO org.springframework.boot.test.context.SpringBootTestContextBootstrapper -- Found @SpringBootConfiguration com.pibbletv.streaming_service.StreamingServiceApplication for test class com.pibbletv.streaming_service.StreamingServiceApplicationTests

  .   ____          _            __ _ _
 /\\ / ___'_ __ _ _(_)_ __  __ _ \ \ \ \
( ( )\___ | '_ | '_| | '_ \/ _` | \ \ \ \
 \\/  ___)| |_)| | | | | || (_| |  ) ) ) )
  '  |____| .__|_| |_|_| |_\__, | / / / /
 =========|_|==============|___/=/_/_/_/

 :: Spring Boot ::                (v3.4.4)

2025-04-26T20:52:20.905+02:00  INFO 15288 --- [streaming-service] [    Test worker] c.p.s.StreamingServiceApplicationTests   : Starting StreamingServiceApplicationTests using Java 17.0.12 with PID 15288 (started by hristo in D:\Individual Assignment\PibbleTV-Backend\streaming-service)
2025-04-26T20:52:20.913+02:00  INFO 15288 --- [streaming-service] [    Test worker] c.p.s.StreamingServiceApplicationTests   : The following 1 profile is active: "test"
2025-04-26T20:52:21.745+02:00  INFO 15288 --- [streaming-service] [    Test worker] .s.d.r.c.RepositoryConfigurationDelegate : Bootstrapping Spring Data R2DBC repositories in DEFAULT mode.
2025-04-26T20:52:21.959+02:00  INFO 15288 --- [streaming-service] [    Test worker] .s.d.r.c.RepositoryConfigurationDelegate : Finished Spring Data repository scanning in 201 ms. Found 1 R2DBC repository interface.
2025-04-26T20:52:22.215+02:00  INFO 15288 --- [streaming-service] [    Test worker] o.s.cloud.context.scope.GenericScope     : BeanFactory id=91c727a2-9106-3022-8ba0-db2bc1a3cac2
2025-04-26T20:52:23.996+02:00  INFO 15288 --- [streaming-service] [    Test worker] DiscoveryClientOptionalArgsConfiguration : Eureka HTTP Client uses RestTemplate.
2025-04-26T20:52:24.207+02:00  WARN 15288 --- [streaming-service] [    Test worker] iguration$LoadBalancerCaffeineWarnLogger : Spring Cloud LoadBalancer is currently working with the default cache. While this cache implementation is useful for development and tests, it's recommended to use Caffeine cache in production.You can switch to using Caffeine cache, by adding it and org.springframework.cache.caffeine.CaffeineCacheManager to the classpath.
2025-04-26T20:52:24.313+02:00  INFO 15288 --- [streaming-service] [    Test worker] o.s.c.n.eureka.InstanceInfoFactory       : Setting initial instance status as: STARTING
2025-04-26T20:52:24.356+02:00  INFO 15288 --- [streaming-service] [    Test worker] com.netflix.discovery.DiscoveryClient    : Initializing Eureka in region us-east-1
2025-04-26T20:52:24.365+02:00  INFO 15288 --- [streaming-service] [    Test worker] c.n.d.s.r.aws.ConfigClusterResolver      : Resolving eureka endpoints via configuration
2025-04-26T20:52:24.384+02:00  INFO 15288 --- [streaming-service] [    Test worker] com.netflix.discovery.DiscoveryClient    : Disable delta property : false
2025-04-26T20:52:24.385+02:00  INFO 15288 --- [streaming-service] [    Test worker] com.netflix.discovery.DiscoveryClient    : Single vip registry refresh property : null
2025-04-26T20:52:24.385+02:00  INFO 15288 --- [streaming-service] [    Test worker] com.netflix.discovery.DiscoveryClient    : Force full registry fetch : false
2025-04-26T20:52:24.386+02:00  INFO 15288 --- [streaming-service] [    Test worker] com.netflix.discovery.DiscoveryClient    : Application is null : false
2025-04-26T20:52:24.386+02:00  INFO 15288 --- [streaming-service] [    Test worker] com.netflix.discovery.DiscoveryClient    : Registered Applications size is zero : true
2025-04-26T20:52:24.386+02:00  INFO 15288 --- [streaming-service] [    Test worker] com.netflix.discovery.DiscoveryClient    : Application version is -1: true
2025-04-26T20:52:24.386+02:00  INFO 15288 --- [streaming-service] [    Test worker] com.netflix.discovery.DiscoveryClient    : Getting all instance registry info from the eureka server
2025-04-26T20:52:24.937+02:00  INFO 15288 --- [streaming-service] [    Test worker] com.netflix.discovery.DiscoveryClient    : The response status is 200
2025-04-26T20:52:24.940+02:00  INFO 15288 --- [streaming-service] [    Test worker] com.netflix.discovery.DiscoveryClient    : Starting heartbeat executor: renew interval is: 30
2025-04-26T20:52:24.942+02:00  INFO 15288 --- [streaming-service] [    Test worker] c.n.discovery.InstanceInfoReplicator     : InstanceInfoReplicator onDemand update allowed rate per min is 4
2025-04-26T20:52:24.945+02:00  INFO 15288 --- [streaming-service] [    Test worker] com.netflix.discovery.DiscoveryClient    : Discovery Client initialized at timestamp 1745693544944 with initial instances count: 2
2025-04-26T20:52:24.948+02:00  INFO 15288 --- [streaming-service] [    Test worker] o.s.c.n.e.s.EurekaServiceRegistry        : Registering application STREAMING-SERVICE with eureka with status UP
2025-04-26T20:52:24.949+02:00  INFO 15288 --- [streaming-service] [    Test worker] com.netflix.discovery.DiscoveryClient    : Saw local status change event StatusChangeEvent [timestamp=1745693544949, current=UP, previous=STARTING]
2025-04-26T20:52:24.951+02:00  INFO 15288 --- [streaming-service] [foReplicator-%d] com.netflix.discovery.DiscoveryClient    : DiscoveryClient_STREAMING-SERVICE/host.docker.internal:streaming-service:8085: registering service...
2025-04-26T20:52:24.974+02:00  INFO 15288 --- [streaming-service] [    Test worker] c.p.s.StreamingServiceApplicationTests   : Started StreamingServiceApplicationTests in 4.698 seconds (process running for 7.047)
2025-04-26T20:52:25.021+02:00  INFO 15288 --- [streaming-service] [foReplicator-%d] com.netflix.discovery.DiscoveryClient    : DiscoveryClient_STREAMING-SERVICE/host.docker.internal:streaming-service:8085 - registration status: 204
]]></system-out>
  <system-err><![CDATA[]]></system-err>
</testsuite>
