<?xml version="1.0" encoding="UTF-8"?>
<testsuite name="com.pibbletv.streaming_service.StreamingServiceApplicationTests" tests="1" skipped="0" failures="0" errors="0" timestamp="2025-05-14T17:20:55.289Z" hostname="DESKTOP-NS6POVE" time="0.917">
  <properties/>
  <testcase name="contextLoads()" classname="com.pibbletv.streaming_service.StreamingServiceApplicationTests" time="0.917"/>
  <system-out><![CDATA[19:20:50.656 [Test worker] INFO org.springframework.test.context.support.AnnotationConfigContextLoaderUtils -- Could not detect default configuration classes for test class [com.pibbletv.streaming_service.StreamingServiceApplicationTests]: StreamingServiceApplicationTests does not declare any static, non-private, non-final, nested classes annotated with @Configuration.
19:20:50.879 [Test worker] INFO org.springframework.boot.test.context.SpringBootTestContextBootstrapper -- Found @SpringBootConfiguration com.pibbletv.streaming_service.StreamingServiceApplication for test class com.pibbletv.streaming_service.StreamingServiceApplicationTests

  .   ____          _            __ _ _
 /\\ / ___'_ __ _ _(_)_ __  __ _ \ \ \ \
( ( )\___ | '_ | '_| | '_ \/ _` | \ \ \ \
 \\/  ___)| |_)| | | | | || (_| |  ) ) ) )
  '  |____| .__|_| |_|_| |_\__, | / / / /
 =========|_|==============|___/=/_/_/_/

 :: Spring Boot ::                (v3.4.4)

2025-05-14T19:20:52.117+02:00  INFO 17032 --- [streaming-service] [    Test worker] c.p.s.StreamingServiceApplicationTests   : Starting StreamingServiceApplicationTests using Java 17.0.12 with PID 17032 (started by hristo in D:\Individual Assignment\PibbleTV-Backend\streaming-service)
2025-05-14T19:20:52.120+02:00  INFO 17032 --- [streaming-service] [    Test worker] c.p.s.StreamingServiceApplicationTests   : The following 1 profile is active: "test"
2025-05-14T19:20:53.002+02:00  INFO 17032 --- [streaming-service] [    Test worker] .s.d.r.c.RepositoryConfigurationDelegate : Bootstrapping Spring Data R2DBC repositories in DEFAULT mode.
2025-05-14T19:20:53.238+02:00  INFO 17032 --- [streaming-service] [    Test worker] .s.d.r.c.RepositoryConfigurationDelegate : Finished Spring Data repository scanning in 222 ms. Found 1 R2DBC repository interface.
2025-05-14T19:20:53.469+02:00  INFO 17032 --- [streaming-service] [    Test worker] o.s.cloud.context.scope.GenericScope     : BeanFactory id=0de8327b-c7ec-3707-bfb7-27a058b504f4
2025-05-14T19:20:54.478+02:00 DEBUG 17032 --- [streaming-service] [    Test worker] s.w.r.r.m.a.RequestMappingHandlerMapping : 6 mappings in 'requestMappingHandlerMapping'
2025-05-14T19:20:54.499+02:00 DEBUG 17032 --- [streaming-service] [    Test worker] o.s.w.r.handler.SimpleUrlHandlerMapping  : Patterns [/webjars/**, /**] in 'resourceHandlerMapping'
2025-05-14T19:20:54.550+02:00 DEBUG 17032 --- [streaming-service] [    Test worker] o.s.w.r.r.m.a.ControllerMethodResolver   : ControllerAdvice beans: none
2025-05-14T19:20:54.604+02:00 DEBUG 17032 --- [streaming-service] [    Test worker] o.s.w.s.adapter.HttpWebHandlerAdapter    : enableLoggingRequestDetails='false': form data and headers will be masked to prevent unsafe logging of potentially sensitive data
2025-05-14T19:20:54.959+02:00  INFO 17032 --- [streaming-service] [    Test worker] DiscoveryClientOptionalArgsConfiguration : Eureka HTTP Client uses RestTemplate.
2025-05-14T19:20:55.165+02:00  WARN 17032 --- [streaming-service] [    Test worker] iguration$LoadBalancerCaffeineWarnLogger : Spring Cloud LoadBalancer is currently working with the default cache. While this cache implementation is useful for development and tests, it's recommended to use Caffeine cache in production.You can switch to using Caffeine cache, by adding it and org.springframework.cache.caffeine.CaffeineCacheManager to the classpath.
2025-05-14T19:20:55.282+02:00  INFO 17032 --- [streaming-service] [    Test worker] c.p.s.StreamingServiceApplicationTests   : Started StreamingServiceApplicationTests in 3.885 seconds (process running for 6.37)
]]></system-out>
  <system-err><![CDATA[]]></system-err>
</testsuite>
